# JRE version: OpenJDK Runtime Environment (21.0.2+13) (build 21.0.2+13-58)
# Java VM: OpenJDK 64-Bit Server VM (21.0.2+13-58, mixed mode, sharing, tiered, compressed oops, compressed class ptrs, g1 gc, windows-amd64)
GC Precious Log:
 CardTable entry size: 512
 Card Set container configuration: InlinePtr #cards 5 size 8 Array Of Cards #cards 12 size 40 Howl #buckets 4 coarsen threshold 1843 Howl Bitmap #cards 512 size 80 coarsen threshold 460 Card regions per heap region 1 cards per card region 2048
 CPUs: 12 total, 12 available
 Memory: 7914M
 Large Page Support: Disabled
 NUMA Support: Disabled
 Compressed Oops: Enabled (32-bit)
 Heap Region Size: 1M
 Heap Min Capacity: 8M
 Heap Initial Capacity: 124M
 Heap Max Capacity: 1980M
 Pre-touch: Disabled
 Parallel Workers: 10
 Concurrent Workers: 3
 Concurrent Refinement Workers: 10
 Periodic GC: Disabled
Heap:
 garbage-first heap   total 102400K, used 67659K [0x0000000084400000, 0x0000000100000000)
  region size 1024K, 32 young (32768K), 4 survivors (4096K)
 Metaspace       used 84468K, committed 85440K, reserved 1179648K
  class space    used 10179K, committed 10624K, reserved 1048576K
GC Heap History (20 events):
Event: 597.635 GC heap after
{Heap after GC invocations=52 (full 10):
 garbage-first heap   total 139264K, used 33329K [0x0000000084400000, 0x0000000100000000)
  region size 1024K, 5 young (5120K), 5 survivors (5120K)
 Metaspace       used 80704K, committed 81600K, reserved 1179648K
  class space    used 9892K, committed 10304K, reserved 1048576K
}
Event: 601.469 GC heap before
{Heap before GC invocations=53 (full 10):
 garbage-first heap   total 133120K, used 60977K [0x0000000084400000, 0x0000000100000000)
  region size 1024K, 33 young (33792K), 5 survivors (5120K)
 Metaspace       used 81144K, committed 82048K, reserved 1179648K
  class space    used 9913K, committed 10304K, reserved 1048576K
}
Event: 601.567 GC heap after
{Heap after GC invocations=54 (full 11):
 garbage-first heap   total 106496K, used 28937K [0x0000000084400000, 0x0000000100000000)
  region size 1024K, 0 young (0K), 0 survivors (0K)
 Metaspace       used 81128K, committed 82048K, reserved 1179648K
  class space    used 9911K, committed 10304K, reserved 1048576K
}
Event: 602.249 GC heap before
{Heap before GC invocations=54 (full 11):
 garbage-first heap   total 106496K, used 86281K [0x0000000084400000, 0x0000000100000000)
  region size 1024K, 57 young (58368K), 0 survivors (0K)
 Metaspace       used 81652K, committed 82560K, reserved 1179648K
  class space    used 9952K, committed 10368K, reserved 1048576K
}
Event: 602.254 GC heap after
{Heap after GC invocations=55 (full 11):
 garbage-first heap   total 106496K, used 33797K [0x0000000084400000, 0x0000000100000000)
  region size 1024K, 5 young (5120K), 5 survivors (5120K)
 Metaspace       used 81652K, committed 82560K, reserved 1179648K
  class space    used 9952K, committed 10368K, reserved 1048576K
}
Event: 605.080 GC heap before
{Heap before GC invocations=56 (full 11):
 garbage-first heap   total 106496K, used 56325K [0x0000000084400000, 0x0000000100000000)
  region size 1024K, 28 young (28672K), 5 survivors (5120K)
 Metaspace       used 81928K, committed 82752K, reserved 1179648K
  class space    used 9967K, committed 10368K, reserved 1048576K
}
Event: 605.242 GC heap after
{Heap after GC invocations=57 (full 12):
 garbage-first heap   total 102400K, used 29310K [0x0000000084400000, 0x0000000100000000)
  region size 1024K, 0 young (0K), 0 survivors (0K)
 Metaspace       used 81912K, committed 82752K, reserved 1179648K
  class space    used 9965K, committed 10368K, reserved 1048576K
}
Event: 605.966 GC heap before
{Heap before GC invocations=57 (full 12):
 garbage-first heap   total 102400K, used 85630K [0x0000000084400000, 0x0000000100000000)
  region size 1024K, 55 young (56320K), 0 survivors (0K)
 Metaspace       used 82333K, committed 83264K, reserved 1179648K
  class space    used 10003K, committed 10432K, reserved 1048576K
}
Event: 605.971 GC heap after
{Heap after GC invocations=58 (full 12):
 garbage-first heap   total 102400K, used 34137K [0x0000000084400000, 0x0000000100000000)
  region size 1024K, 5 young (5120K), 5 survivors (5120K)
 Metaspace       used 82333K, committed 83264K, reserved 1179648K
  class space    used 10003K, committed 10432K, reserved 1048576K
}
Event: 729.211 GC heap before
{Heap before GC invocations=59 (full 12):
 garbage-first heap   total 102400K, used 73049K [0x0000000084400000, 0x0000000100000000)
  region size 1024K, 44 young (45056K), 5 survivors (5120K)
 Metaspace       used 82702K, committed 83584K, reserved 1179648K
  class space    used 10028K, committed 10432K, reserved 1048576K
}
Event: 729.274 GC heap after
{Heap after GC invocations=60 (full 13):
 garbage-first heap   total 102400K, used 29724K [0x0000000084400000, 0x0000000100000000)
  region size 1024K, 0 young (0K), 0 survivors (0K)
 Metaspace       used 82686K, committed 83584K, reserved 1179648K
  class space    used 10026K, committed 10432K, reserved 1048576K
}
Event: 729.921 GC heap before
{Heap before GC invocations=60 (full 13):
 garbage-first heap   total 102400K, used 83996K [0x0000000084400000, 0x0000000100000000)
  region size 1024K, 54 young (55296K), 0 survivors (0K)
 Metaspace       used 83167K, committed 84032K, reserved 1179648K
  class space    used 10064K, committed 10496K, reserved 1048576K
}
Event: 729.925 GC heap after
{Heap after GC invocations=61 (full 13):
 garbage-first heap   total 102400K, used 34806K [0x0000000084400000, 0x0000000100000000)
  region size 1024K, 5 young (5120K), 5 survivors (5120K)
 Metaspace       used 83167K, committed 84032K, reserved 1179648K
  class space    used 10064K, committed 10496K, reserved 1048576K
}
Event: 732.204 GC heap before
{Heap before GC invocations=62 (full 13):
 garbage-first heap   total 102400K, used 87030K [0x0000000084400000, 0x0000000100000000)
  region size 1024K, 56 young (57344K), 5 survivors (5120K)
 Metaspace       used 83795K, committed 84736K, reserved 1179648K
  class space    used 10140K, committed 10560K, reserved 1048576K
}
Event: 732.210 GC heap after
{Heap after GC invocations=63 (full 13):
 garbage-first heap   total 102400K, used 37607K [0x0000000084400000, 0x0000000100000000)
  region size 1024K, 5 young (5120K), 5 survivors (5120K)
 Metaspace       used 83795K, committed 84736K, reserved 1179648K
  class space    used 10140K, committed 10560K, reserved 1048576K
}
Event: 803.887 GC heap before
{Heap before GC invocations=63 (full 13):
 garbage-first heap   total 102400K, used 86759K [0x0000000084400000, 0x0000000100000000)
  region size 1024K, 53 young (54272K), 5 survivors (5120K)
 Metaspace       used 84280K, committed 85248K, reserved 1179648K
  class space    used 10167K, committed 10624K, reserved 1048576K
}
Event: 803.894 GC heap after
{Heap after GC invocations=64 (full 13):
 garbage-first heap   total 102400K, used 39354K [0x0000000084400000, 0x0000000100000000)
  region size 1024K, 4 young (4096K), 4 survivors (4096K)
 Metaspace       used 84280K, committed 85248K, reserved 1179648K
  class space    used 10167K, committed 10624K, reserved 1048576K
}
Event: 1003.176 GC heap before
{Heap before GC invocations=64 (full 13):
 garbage-first heap   total 102400K, used 87482K [0x0000000084400000, 0x0000000100000000)
  region size 1024K, 51 young (52224K), 4 survivors (4096K)
 Metaspace       used 84401K, committed 85376K, reserved 1179648K
  class space    used 10178K, committed 10624K, reserved 1048576K
}
Event: 1003.184 GC heap after
{Heap after GC invocations=65 (full 13):
 garbage-first heap   total 102400K, used 39406K [0x0000000084400000, 0x0000000100000000)
  region size 1024K, 4 young (4096K), 4 survivors (4096K)
 Metaspace       used 84401K, committed 85376K, reserved 1179648K
  class space    used 10178K, committed 10624K, reserved 1048576K
}
Event: 1113.691 GC heap before
{Heap before GC invocations=66 (full 13):
 garbage-first heap   total 102400K, used 67054K [0x0000000084400000, 0x0000000100000000)
  region size 1024K, 32 young (32768K), 4 survivors (4096K)
 Metaspace       used 84468K, committed 85440K, reserved 1179648K
  class space    used 10179K, committed 10624K, reserved 1048576K
}

